[    0.000000] Linux version 4.15.0-212-generic (buildd@lcy02-amd64-083) (gcc version 7.5.0 (Ubuntu 7.5.0-3ubuntu1~18.04)) #223-Ubuntu SMP Tue May 23 13:09:22 UTC 2023 (Ubuntu 4.15.0-212.223-generic 4.15.18)
[    0.000000] Command line: BOOT_IMAGE=/boot/vmlinuz-4.15.0-212-generic root=LABEL=cloudimg-rootfs ro console=tty1 console=ttyS0
[    0.000000] KERNEL supported cpus:
[    0.000000]   Intel GenuineIntel
[    0.000000]   AMD AuthenticAMD
[    0.000000]   Centaur CentaurHauls
[    0.000000] [Firmware Bug]: TSC doesn't count with P0 frequency!
[    0.000000] x86/fpu: Supporting XSAVE feature 0x001: 'x87 floating point registers'
[    0.000000] x86/fpu: Supporting XSAVE feature 0x002: 'SSE registers'
[    0.000000] x86/fpu: Supporting XSAVE feature 0x004: 'AVX registers'
[    0.000000] x86/fpu: xstate_offset[2]:  576, xstate_sizes[2]:  256
[    0.000000] x86/fpu: Enabled xstate features 0x7, context size is 832 bytes, using 'standard' format.
[    0.000000] e820: BIOS-provided physical RAM map:
[    0.000000] BIOS-e820: [mem 0x0000000000000000-0x000000000009fbff] usable
[    0.000000] BIOS-e820: [mem 0x000000000009fc00-0x000000000009ffff] reserved
[    0.000000] BIOS-e820: [mem 0x00000000000f0000-0x00000000000fffff] reserved
[    0.000000] BIOS-e820: [mem 0x0000000000100000-0x000000003ffeffff] usable
[    0.000000] BIOS-e820: [mem 0x000000003fff0000-0x000000003fffffff] ACPI data
[    0.000000] BIOS-e820: [mem 0x00000000fec00000-0x00000000fec00fff] reserved
[    0.000000] BIOS-e820: [mem 0x00000000fee00000-0x00000000fee00fff] reserved
[    0.000000] BIOS-e820: [mem 0x00000000fffc0000-0x00000000ffffffff] reserved
[    0.000000] NX (Execute Disable) protection: active
[    0.000000] SMBIOS 2.5 present.
[    0.000000] DMI: innotek GmbH VirtualBox/VirtualBox, BIOS VirtualBox 12/01/2006
[    0.000000] Hypervisor detected: KVM
[    0.000000] e820: last_pfn = 0x3fff0 max_arch_pfn = 0x400000000
[    0.000000] x86/PAT: Configuration [0-7]: WB  WC  UC- UC  WB  WP  UC- WT  
[    0.000000] found SMP MP-table at [mem 0x0009fbf0-0x0009fbff]
[    0.000000] Scanning 1 areas for low memory corruption
[    0.000000] RAMDISK: [mem 0x359cb000-0x36cdcfff]
[    0.000000] ACPI: Early table checksum verification disabled
[    0.000000] ACPI: RSDP 0x00000000000E0000 000024 (v02 VBOX  )
[    0.000000] ACPI: XSDT 0x000000003FFF0030 00003C (v01 VBOX   VBOXXSDT 00000001 ASL  00000061)
[    0.000000] ACPI: FACP 0x000000003FFF00F0 0000F4 (v04 VBOX   VBOXFACP 00000001 ASL  00000061)
[    0.000000] ACPI: DSDT 0x000000003FFF02F0 002353 (v02 VBOX   VBOXBIOS 00000002 VBOX 0002A6A2)
[    0.000000] ACPI: FACS 0x000000003FFF0200 000040
[    0.000000] ACPI: FACS 0x000000003FFF0200 000040
[    0.000000] ACPI: APIC 0x000000003FFF0240 00005C (v02 VBOX   VBOXAPIC 00000001 ASL  00000061)
[    0.000000] ACPI: SSDT 0x000000003FFF02A0 000045 (v01 VBOX   VBOXCPUT 00000002 VBOX 0002A6A2)
[    0.000000] ACPI: Reserving FACP table memory at [mem 0x3fff00f0-0x3fff01e3]
[    0.000000] ACPI: Reserving DSDT table memory at [mem 0x3fff02f0-0x3fff2642]
[    0.000000] ACPI: Reserving FACS table memory at [mem 0x3fff0200-0x3fff023f]
[    0.000000] ACPI: Reserving FACS table memory at [mem 0x3fff0200-0x3fff023f]
[    0.000000] ACPI: Reserving APIC table memory at [mem 0x3fff0240-0x3fff029b]
[    0.000000] ACPI: Reserving SSDT table memory at [mem 0x3fff02a0-0x3fff02e4]
[    0.000000] No NUMA configuration found
[    0.000000] Faking a node at [mem 0x0000000000000000-0x000000003ffeffff]
[    0.000000] NODE_DATA(0) allocated [mem 0x3ffc5000-0x3ffeffff]
[    0.000000] kvm-clock: cpu 0, msr 0:3ff44001, primary cpu clock
[    0.000000] kvm-clock: Using msrs 4b564d01 and 4b564d00
[    0.000000] kvm-clock: using sched offset of 3021771230 cycles
[    0.000000] clocksource: kvm-clock: mask: 0xffffffffffffffff max_cycles: 0x1cd42e4dffb, max_idle_ns: 881590591483 ns
[    0.000000] Zone ranges:
[    0.000000]   DMA      [mem 0x0000000000001000-0x0000000000ffffff]
[    0.000000]   DMA32    [mem 0x0000000001000000-0x000000003ffeffff]
[    0.000000]   Normal   empty
[    0.000000]   Device   empty
[    0.000000] Movable zone start for each node
[    0.000000] Early memory node ranges
[    0.000000]   node   0: [mem 0x0000000000001000-0x000000000009efff]
[    0.000000]   node   0: [mem 0x0000000000100000-0x000000003ffeffff]
[    0.000000] Reserved but unavailable: 104 pages
[    0.000000] Initmem setup node 0 [mem 0x0000000000001000-0x000000003ffeffff]
[    0.000000] ACPI: PM-Timer IO Port: 0x4008
[    0.000000] IOAPIC[0]: apic_id 2, version 32, address 0xfec00000, GSI 0-23
[    0.000000] ACPI: INT_SRC_OVR (bus 0 bus_irq 0 global_irq 2 dfl dfl)
[    0.000000] ACPI: INT_SRC_OVR (bus 0 bus_irq 9 global_irq 9 low level)
[    0.000000] Using ACPI (MADT) for SMP configuration information
[    0.000000] smpboot: Allowing 2 CPUs, 0 hotplug CPUs
[    0.000000] PM: Registered nosave memory: [mem 0x00000000-0x00000fff]
[    0.000000] PM: Registered nosave memory: [mem 0x0009f000-0x0009ffff]
[    0.000000] PM: Registered nosave memory: [mem 0x000a0000-0x000effff]
[    0.000000] PM: Registered nosave memory: [mem 0x000f0000-0x000fffff]
[    0.000000] e820: [mem 0x40000000-0xfebfffff] available for PCI devices
[    0.000000] Booting paravirtualized kernel on KVM
[    0.000000] clocksource: refined-jiffies: mask: 0xffffffff max_cycles: 0xffffffff, max_idle_ns: 7645519600211568 ns
[    0.000000] setup_percpu: NR_CPUS:8192 nr_cpumask_bits:2 nr_cpu_ids:2 nr_node_ids:1
[    0.000000] percpu: Embedded 50 pages/cpu s167936 r8192 d28672 u1048576
[    0.000000] PV qspinlock hash table entries: 256 (order: 0, 4096 bytes)
[    0.000000] Built 1 zonelists, mobility grouping on.  Total pages: 257913
[    0.000000] Policy zone: DMA32
[    0.000000] Kernel command line: BOOT_IMAGE=/boot/vmlinuz-4.15.0-212-generic root=LABEL=cloudimg-rootfs ro console=tty1 console=ttyS0
[    0.000000] Memory: 982644K/1048120K available (12300K kernel code, 2477K rwdata, 4324K rodata, 2480K init, 2720K bss, 65476K reserved, 0K cma-reserved)
[    0.000000] SLUB: HWalign=64, Order=0-3, MinObjects=0, CPUs=2, Nodes=1
[    0.000000] ftrace: allocating 39508 entries in 155 pages
[    0.004000] Hierarchical RCU implementation.
[    0.004000] 	RCU restricting CPUs from NR_CPUS=8192 to nr_cpu_ids=2.
[    0.004000] 	Tasks RCU enabled.
[    0.004000] RCU: Adjusting geometry for rcu_fanout_leaf=16, nr_cpu_ids=2
[    0.004000] NR_IRQS: 524544, nr_irqs: 440, preallocated irqs: 16
[    0.004000] random: crng init done
[    0.004000] Console: colour VGA+ 80x25
[    0.004000] console [tty1] enabled
[    0.004000] console [ttyS0] enabled
[    0.004000] ACPI: Core revision 20170831
[    0.004000] ACPI: 2 ACPI AML tables successfully acquired and loaded
[    0.004000] APIC: Switch to symmetric I/O mode setup
[    0.004000] x2apic enabled
[    0.004000] Switched APIC routing to physical x2apic.
[    0.004000] ..TIMER: vector=0x30 apic1=0 pin1=2 apic2=-1 pin2=-1
[    0.004000] tsc: Detected 1796.624 MHz processor
[    0.004000] Calibrating delay loop (skipped) preset value.. 3593.24 BogoMIPS (lpj=7186496)
[    0.004000] pid_max: default: 32768 minimum: 301
[    0.004000] Security Framework initialized
[    0.004000] Yama: becoming mindful.
[    0.004000] AppArmor: AppArmor initialized
[    0.004000] Dentry cache hash table entries: 131072 (order: 8, 1048576 bytes)
[    0.004000] Inode-cache hash table entries: 65536 (order: 7, 524288 bytes)
[    0.004000] Mount-cache hash table entries: 2048 (order: 2, 16384 bytes)
[    0.004000] Mountpoint-cache hash table entries: 2048 (order: 2, 16384 bytes)
[    0.004000] Last level iTLB entries: 4KB 1024, 2MB 1024, 4MB 512
[    0.004000] Last level dTLB entries: 4KB 2048, 2MB 2048, 4MB 1024, 1GB 0
[    0.004006] Spectre V1 : Mitigation: usercopy/swapgs barriers and __user pointer sanitization
[    0.005161] Spectre V2 : Mitigation: Retpolines
[    0.005796] Spectre V2 : Spectre v2 / SpectreRSB mitigation: Filling RSB on context switch
[    0.008003] Spectre V2 : Spectre v2 / SpectreRSB : Filling RSB on VMEXIT
[    0.008899] RETBleed: Vulnerable
[    0.009698] Freeing SMP alternatives memory: 36K
[    0.128074] smpboot: CPU0: AMD Ryzen 7 5700U with Radeon Graphics (family: 0x17, model: 0x68, stepping: 0x1)
[    0.129650] Performance Events: PMU not available due to virtualization, using software events only.
[    0.130990] Hierarchical SRCU implementation.
[    0.132000] NMI watchdog: Perf event create on CPU 0 failed with -2
[    0.132003] NMI watchdog: Perf NMI watchdog permanently disabled
[    0.132873] smp: Bringing up secondary CPUs ...
[    0.133661] x86: Booting SMP configuration:
[    0.134316] .... node  #0, CPUs:      #1
[    0.004000] kvm-clock: cpu 1, msr 0:3ff44041, secondary cpu clock
[    0.138365] smp: Brought up 1 node, 2 CPUs
[    0.138365] smpboot: Max logical packages: 1
[    0.140015] smpboot: Total of 2 processors activated (7186.49 BogoMIPS)
[    0.141173] devtmpfs: initialized
[    0.141173] x86/mm: Memory block size: 128MB
[    0.141173] evm: security.selinux
[    0.141173] evm: security.SMACK64
[    0.141215] evm: security.SMACK64EXEC
[    0.141773] evm: security.SMACK64TRANSMUTE
[    0.142414] evm: security.SMACK64MMAP
[    0.142994] evm: security.apparmor
[    0.143484] evm: security.ima
[    0.144002] evm: security.capability
[    0.144567] clocksource: jiffies: mask: 0xffffffff max_cycles: 0xffffffff, max_idle_ns: 7645041785100000 ns
[    0.145356] futex hash table entries: 512 (order: 3, 32768 bytes)
[    0.146797] pinctrl core: initialized pinctrl subsystem
[    0.148119] RTC time: 16:48:52, date: 04/29/26
[    0.148952] NET: Registered protocol family 16
[    0.149656] audit: initializing netlink subsys (disabled)
[    0.152035] audit: type=2000 audit(1777481336.743:1): state=initialized audit_enabled=0 res=1
[    0.152138] cpuidle: using governor ladder
[    0.156014] cpuidle: using governor menu
[    0.156858] ACPI: bus type PCI registered
[    0.156858] acpiphp: ACPI Hot Plug PCI Controller Driver version: 0.5
[    0.157775] PCI: Using configuration type 1 for base access
[    0.158833] PCI: Using configuration type 1 for extended access
[    0.160727] HugeTLB registered 2.00 MiB page size, pre-allocated 0 pages
[    0.160727] ACPI: Added _OSI(Module Device)
[    0.164006] ACPI: Added _OSI(Processor Device)
[    0.164735] ACPI: Added _OSI(3.0 _SCP Extensions)
[    0.165438] ACPI: Added _OSI(Processor Aggregator Device)
[    0.166228] ACPI: Added _OSI(Linux-Dell-Video)
[    0.166904] ACPI: Added _OSI(Linux-Lenovo-NV-HDMI-Audio)
[    0.167650] ACPI: Added _OSI(Linux-HPI-Hybrid-Graphics)
[    0.168169] ACPI: Executed 1 blocks of module-level executable AML code
[    0.171307] ACPI: Interpreter enabled
[    0.172039] ACPI: (supports S0 S5)
[    0.172552] ACPI: Using IOAPIC for interrupt routing
[    0.173481] PCI: Using host bridge windows from ACPI; if necessary, use "pci=nocrs" and report a bug
[    0.176093] ACPI: Enabled 2 GPEs in block 00 to 07
[    0.180745] ACPI: PCI Root Bridge [PCI0] (domain 0000 [bus 00-ff])
[    0.181634] acpi PNP0A03:00: _OSC: OS supports [ExtendedConfig ASPM ClockPM Segments MSI]
[    0.183496] acpi PNP0A03:00: _OSC: platform does not support [PCIeCapability]
[    0.184365] acpi PNP0A03:00: _OSC: not requesting control; platform does not support [PCIeCapability]
[    0.185657] acpi PNP0A03:00: _OSC: OS requested [PCIeHotplug PME AER PCIeCapability]
[    0.186774] acpi PNP0A03:00: _OSC: platform willing to grant [PCIeHotplug PME AER]
[    0.188072] acpi PNP0A03:00: _OSC failed (AE_SUPPORT); disabling ASPM
[    0.189483] PCI host bridge to bus 0000:00
[    0.190094] pci_bus 0000:00: root bus resource [io  0x0000-0x0cf7 window]
[    0.191067] pci_bus 0000:00: root bus resource [io  0x0d00-0xffff window]
[    0.192012] pci_bus 0000:00: root bus resource [mem 0x000a0000-0x000bffff window]
[    0.194000] pci_bus 0000:00: root bus resource [mem 0x40000000-0xfdffffff window]
[    0.195088] pci_bus 0000:00: root bus resource [bus 00-ff]
[    0.197007] pci 0000:00:01.1: legacy IDE quirk: reg 0x10: [io  0x01f0-0x01f7]
[    0.198057] pci 0000:00:01.1: legacy IDE quirk: reg 0x14: [io  0x03f6]
[    0.199044] pci 0000:00:01.1: legacy IDE quirk: reg 0x18: [io  0x0170-0x0177]
[    0.200006] pci 0000:00:01.1: legacy IDE quirk: reg 0x1c: [io  0x0376]
[    0.217883] pci 0000:00:07.0: quirk: [io  0x4000-0x403f] claimed by PIIX4 ACPI
[    0.219099] pci 0000:00:07.0: quirk: [io  0x4100-0x410f] claimed by PIIX4 SMB
[    0.234070] ACPI: PCI Interrupt Link [LNKA] (IRQs 5 9 10 *11)
[    0.235180] ACPI: PCI Interrupt Link [LNKB] (IRQs 5 9 *10 11)
[    0.236093] ACPI: PCI Interrupt Link [LNKC] (IRQs 5 *9 10 11)
[    0.237205] ACPI: PCI Interrupt Link [LNKD] (IRQs 5 9 10 *11)
[    0.238437] SCSI subsystem initialized
[    0.239043] pci 0000:00:02.0: vgaarb: setting as boot VGA device
[    0.239043] pci 0000:00:02.0: vgaarb: VGA device added: decodes=io+mem,owns=io+mem,locks=none
[    0.240021] pci 0000:00:02.0: vgaarb: bridge control possible
[    0.240885] vgaarb: loaded
[    0.241425] ACPI: bus type USB registered
[    0.242027] usbcore: registered new interface driver usbfs
[    0.244033] usbcore: registered new interface driver hub
[    0.244822] usbcore: registered new device driver usb
[    0.245610] EDAC MC: Ver: 3.0.0
[    0.245610] PCI: Using ACPI for IRQ routing
[    0.245610] NetLabel: Initializing
[    0.248010] NetLabel:  domain hash size = 128
[    0.248663] NetLabel:  protocols = UNLABELED CIPSOv4 CALIPSO
[    0.249503] NetLabel:  unlabeled traffic allowed by default
[    0.250341] clocksource: Switched to clocksource kvm-clock
[    0.256109] VFS: Disk quotas dquot_6.6.0
[    0.256109] VFS: Dquot-cache hash table entries: 512 (order 0, 4096 bytes)
[    0.256109] AppArmor: AppArmor Filesystem Enabled
[    0.256109] pnp: PnP ACPI init
[    0.256109] pnp: PnP ACPI: found 3 devices
[    0.271893] clocksource: acpi_pm: mask: 0xffffff max_cycles: 0xffffff, max_idle_ns: 2085701024 ns
[    0.272379] NET: Registered protocol family 2
[    0.272379] IP idents hash table entries: 16384 (order: 5, 131072 bytes)
[    0.275821] TCP established hash table entries: 8192 (order: 4, 65536 bytes)
[    0.276836] TCP bind hash table entries: 8192 (order: 5, 131072 bytes)
[    0.277826] TCP: Hash tables configured (established 8192 bind 8192)
[    0.278757] UDP hash table entries: 512 (order: 2, 16384 bytes)
[    0.279638] UDP-Lite hash table entries: 512 (order: 2, 16384 bytes)
[    0.280575] NET: Registered protocol family 1
[    0.280810] pci 0000:00:00.0: Limiting direct PCI/PCI transfers
[    0.280810] pci 0000:00:01.0: Activating ISA DMA hang workarounds
[    0.280810] pci 0000:00:02.0: Video device with shadowed ROM at [mem 0x000c0000-0x000dffff]
[    0.280810] Unpacking initramfs...
[    0.280810] Freeing initrd memory: 19528K
[    0.280810] clocksource: tsc: mask: 0xffffffffffffffff max_cycles: 0x19e5b473752, max_idle_ns: 440795288133 ns
[    0.280810] platform rtc_cmos: registered platform RTC device (no PNP device found)
[    0.280810] Scanning for low memory corruption every 60 seconds
[    0.547736] Initialise system trusted keyrings
[    0.548586] Key type blacklist registered
[    0.549266] workingset: timestamp_bits=36 max_order=18 bucket_order=0
[    0.551249] zbud: loaded
[    0.552343] squashfs: version 4.0 (2009/01/31) Phillip Lougher
[    0.553452] fuse init (API version 7.26)
[    0.556329] Key type asymmetric registered
[    0.557062] Asymmetric key parser 'x509' registered
[    0.557861] Block layer SCSI generic (bsg) driver version 0.4 loaded (major 246)
[    0.559154] io scheduler noop registered
[    0.559834] io scheduler deadline registered
[    0.560620] io scheduler cfq registered (default)
[    0.561657] ACPI: AC Adapter [AC] (on-line)
[    0.562390] input: Power Button as /devices/LNXSYSTM:00/LNXPWRBN:00/input/input0
[    0.563713] ACPI: Power Button [PWRF]
[    0.564440] input: Sleep Button as /devices/LNXSYSTM:00/LNXSLPBN:00/input/input1
[    0.565676] ACPI: Sleep Button [SLPF]
[    0.566973] ACPI: Battery Slot [BAT0] (battery present)
[    0.568690] Serial: 8250/16550 driver, 32 ports, IRQ sharing enabled
[    0.590051] 00:02: ttyS0 at I/O 0x3f8 (irq = 4, base_baud = 115200) is a 16550A
[    0.592879] Linux agpgart interface v0.103
[    0.595311] loop: module loaded
[    0.596358] scsi host0: ata_piix
[    0.597019] scsi host1: ata_piix
[    0.597535] ata1: PATA max UDMA/33 cmd 0x1f0 ctl 0x3f6 bmdma 0xd000 irq 14
[    0.598427] ata2: PATA max UDMA/33 cmd 0x170 ctl 0x376 bmdma 0xd008 irq 15
[    0.599497] tun: Universal TUN/TAP device driver, 1.6
[    0.600240] PPP generic driver version 2.4.2
[    0.601707] ehci_hcd: USB 2.0 'Enhanced' Host Controller (EHCI) Driver
[    0.602652] ehci-pci: EHCI PCI platform driver
[    0.603313] ehci-platform: EHCI generic platform driver
[    0.604049] ohci_hcd: USB 1.1 'Open' Host Controller (OHCI) Driver
[    0.604940] ohci-pci: OHCI PCI platform driver
[    0.605552] ohci-platform: OHCI generic platform driver
[    0.606254] uhci_hcd: USB Universal Host Controller Interface driver
[    0.607246] i8042: PNP: PS/2 Controller [PNP0303:PS2K,PNP0f03:PS2M] at 0x60,0x64 irq 1,12
[    0.608864] serio: i8042 KBD port at 0x60,0x64 irq 1
[    0.609587] serio: i8042 AUX port at 0x60,0x64 irq 12
[    0.610493] mousedev: PS/2 mouse device common for all mice
[    0.611717] input: AT Translated Set 2 keyboard as /devices/platform/i8042/serio0/input/input2
[    0.613142] rtc_cmos rtc_cmos: rtc core: registered rtc_cmos as rtc0
[    0.614058] rtc_cmos rtc_cmos: alarms up to one day, 114 bytes nvram
[    0.614953] i2c /dev entries driver
[    0.615500] device-mapper: uevent: version 1.0.3
[    0.616206] device-mapper: ioctl: 4.37.0-ioctl (2017-09-20) initialised: dm-devel@redhat.com
[    0.617606] ledtrig-cpu: registered to indicate activity on CPUs
[    0.619190] NET: Registered protocol family 10
[    0.622818] Segment Routing with IPv6
[    0.623464] NET: Registered protocol family 17
[    0.624147] Key type dns_resolver registered
[    0.624977] mce: Using 0 MCE banks
[    0.625508] RAS: Correctable Errors collector initialized.
[    0.626304] sched_clock: Marking stable (624945759, 0)->(766602031, -141656272)
[    0.627665] registered taskstats version 1
[    0.628318] Loading compiled-in X.509 certificates
[    0.630715] Loaded X.509 cert 'Build time autogenerated kernel key: b5b26778eaa3ab3a4a6cee031137706e947d12ad'
[    0.632536] Loaded X.509 cert 'Canonical Ltd. Live Patch Signing: 14df34d1a87cf37625abec039ef2bf521249b969'
[    0.634347] Loaded X.509 cert 'Canonical Ltd. Kernel Module Signing: 88f752e560a1e0737e31163a466ad7b70a850c19'
[    0.635819] blacklist: Loading compiled-in revocation X.509 certificates
[    0.636775] Loaded X.509 cert 'Canonical Ltd. Secure Boot Signing: 61482aa2830d0ab2ad5af10b7250da9033ddcef0'
[    0.638091] Loaded X.509 cert 'Canonical Ltd. Secure Boot Signing (2017): 242ade75ac4a15e50d50c84b0d45ff3eae707a03'
[    0.639504] Loaded X.509 cert 'Canonical Ltd. Secure Boot Signing (ESM 2018): 365188c1d374d6b07c3c8f240f8ef722433d6a8b'
[    0.640924] Loaded X.509 cert 'Canonical Ltd. Secure Boot Signing (2019): c0746fd6c5da3ae827864651ad66ae47fe24b3e8'
[    0.642280] Loaded X.509 cert 'Canonical Ltd. Secure Boot Signing (2021 v1): a8d54bbb3825cfb94fa13c9f8a594a195c107b8d'
[    0.643798] Loaded X.509 cert 'Canonical Ltd. Secure Boot Signing (2021 v2): 4cf046892d6fd3c9a5b03f98d845f90851dc6a8c'
[    0.645291] Loaded X.509 cert 'Canonical Ltd. Secure Boot Signing (2021 v3): 100437bb6de6e469b581e61cd66bce3ef4ed53af'
[    0.646826] Loaded X.509 cert 'Canonical Ltd. Secure Boot Signing (Ubuntu Core 2019): c1d57b8f6b743f23ee41f4f7ee292f06eecadfb9'
[    0.648483] zswap: loaded using pool lzo/zbud
[    0.652176] Key type big_key registered
[    0.652789] Key type trusted registered
[    0.654715] Key type encrypted registered
[    0.655300] AppArmor: AppArmor sha1 policy hashing enabled
[    0.656060] ima: No TPM chip found, activating TPM-bypass! (rc=-19)
[    0.656941] ima: Allocated hash algorithm: sha1
[    0.657572] evm: HMAC attrs: 0x1
[    0.658276]   Magic number: 6:652:844
[    0.658921] rtc_cmos rtc_cmos: setting system clock to 2026-04-29 16:48:52 UTC (1777481332)
[    0.660318] BIOS EDD facility v0.16 2004-Jun-25, 0 devices found
[    0.661153] EDD information not available.
[    0.781027] Freeing unused kernel image memory: 2480K
[    0.792130] Write protecting the kernel read-only data: 20480k
[    0.793468] Freeing unused kernel image memory: 2008K
[    0.794509] Freeing unused kernel image memory: 1820K
[    0.801481] x86/mm: Checked W+X mappings: passed, no W+X pages found.
Loading, please wait...
starting version 237
[    0.858780] Fusion MPT base driver 3.04.20
[    0.859398] Copyright (c) 1999-2008 LSI Corporation
[    0.863005] Fusion MPT SPI Host driver 3.04.20
[    0.864347] e1000: Intel(R) PRO/1000 Network Driver - version 7.3.21-k8-NAPI
[    0.865352] e1000: Copyright (c) 1999-2006 Intel Corporation.
[    0.869529] mptbase: ioc0: Initiating bringup
[    0.874193] AVX2 version of gcm_enc/dec engaged.
[    0.874898] AES CTR mode by8 optimization enabled
[    0.980467] ioc0: LSI53C1030 A0: Capabilities={Initiator}
[    1.068329] input: ImExPS/2 Generic Explorer Mouse as /devices/platform/i8042/serio1/input/input4
[    1.225345] scsi host2: ioc0: LSI53C1030 A0, FwRev=00000000h, Ports=1, MaxQ=256, IRQ=20
[    2.736068] scsi 2:0:0:0: Direct-Access     VBOX     HARDDISK         1.0  PQ: 0 ANSI: 5
[    2.772442] scsi target2:0:0: Beginning Domain Validation
[    2.774729] scsi target2:0:0: Domain Validation skipping write tests
[    2.775625] scsi target2:0:0: Ending Domain Validation
[    2.777369] scsi target2:0:0: asynchronous
[    2.778428] scsi 2:0:1:0: Direct-Access     VBOX     HARDDISK         1.0  PQ: 0 ANSI: 5
[    3.056522] scsi target2:0:1: Beginning Domain Validation
[    3.057944] scsi target2:0:1: Domain Validation skipping write tests
[    3.058823] scsi target2:0:1: Ending Domain Validation
[    3.059585] scsi target2:0:1: asynchronous
[    3.062320] sd 2:0:0:0: [sda] 83886080 512-byte logical blocks: (42.9 GB/40.0 GiB)
[    3.063385] sd 2:0:0:0: Attached scsi generic sg0 type 0
[    3.064160] sd 2:0:0:0: [sda] Write Protect is off
[    3.064934] sd 2:0:0:0: [sda] Write cache: enabled, read cache: enabled, supports DPO and FUA
[    3.065110] sd 2:0:1:0: [sdb] 20480 512-byte logical blocks: (10.5 MB/10.0 MiB)
[    3.066342] sd 2:0:1:0: Attached scsi generic sg1 type 0
[    3.068025] sd 2:0:1:0: [sdb] Write Protect is off
[    3.069134] sd 2:0:1:0: [sdb] Write cache: enabled, read cache: enabled, supports DPO and FUA
[    3.071179]  sda: sda1
[    3.072162] sd 2:0:0:0: [sda] Attached SCSI disk
[    3.073294] sd 2:0:1:0: [sdb] Attached SCSI disk
[    3.089461] e1000 0000:00:03.0 eth0: (PCI:33MHz:32-bit) 02:3b:7b:b7:3b:2d
[    3.090400] e1000 0000:00:03.0 eth0: Intel(R) PRO/1000 Network Connection
[    3.439821] e1000 0000:00:08.0 eth1: (PCI:33MHz:32-bit) 08:00:27:13:1d:f7
[    3.440736] e1000 0000:00:08.0 eth1: Intel(R) PRO/1000 Network Connection
[    3.442188] e1000 0000:00:08.0 enp0s8: renamed from eth1
[    3.504957] e1000 0000:00:03.0 enp0s3: renamed from eth0
Begin: Loading essential drivers ... [    5.552195] raid6: sse2x1   gen()  2920 MB/s
[    5.600106] raid6: sse2x1   xor()  2973 MB/s
[    5.648137] raid6: sse2x2   gen()  6404 MB/s
[    5.696112] raid6: sse2x2   xor()  4235 MB/s
[    5.744167] raid6: sse2x4   gen()  6835 MB/s
[    5.792116] raid6: sse2x4   xor()  3962 MB/s
[    5.840149] raid6: avx2x1   gen()  7348 MB/s
[    5.888131] raid6: avx2x1   xor()  6006 MB/s
[    5.936171] raid6: avx2x2   gen() 13261 MB/s
[    5.984688] raid6: avx2x2   xor()  7480 MB/s
[    6.032121] raid6: avx2x4   gen() 12515 MB/s
[    6.080158] raid6: avx2x4   xor()  6552 MB/s
[    6.081566] raid6: using algorithm avx2x2 gen() 13261 MB/s
[    6.083246] raid6: .... xor() 7480 MB/s, rmw enabled
[    6.085782] raid6: using avx2x2 recovery algorithm
[    6.089376] xor: automatically using best checksumming function   avx       
[    6.093790] async_tx: api initialized (async)
done.
Begin: Running /scripts/init-premount ... done.
Begin: Mounting root file system ... Begin: Running /scripts/local-top ... done.
Begin: Running /scripts/local-premount ... [    6.183725] Btrfs loaded, crc32c=crc32c-intel
Scanning for Btrfs filesystems
done.
Warning: fsck not present, so skipping root file system
[    6.236397] EXT4-fs (sda1): mounted filesystem with ordered data mode. Opts: (null)
done.
Begin: Running /scripts/local-bottom ... done.
Begin: Running /scripts/init-bottom ... done.
[    6.441602] ip_tables: (C) 2000-2006 Netfilter Core Team
[    6.457593] systemd[1]: systemd 237 running in system mode. (+PAM +AUDIT +SELINUX +IMA +APPARMOR +SMACK +SYSVINIT +UTMP +LIBCRYPTSETUP +GCRYPT +GNUTLS +ACL +XZ +LZ4 +SECCOMP +BLKID +ELFUTILS +KMOD -IDN2 +IDN -PCRE2 default-hierarchy=hybrid)
[    6.464515] systemd[1]: Detected virtualization oracle.
[    6.466320] systemd[1]: Detected architecture x86-64.

Welcome to [1mUbuntu 18.04.6 LTS[0m!

[    6.477060] systemd[1]: Set hostname to <ubuntu>.
[    6.483742] systemd[1]: Initializing machine ID from random generator.
[    6.487017] systemd[1]: Installed transient /etc/machine-id file.
[    6.827023] systemd[1]: Reached target System Time Synchronized.
[[0;32m  OK  [0m] Reached target System Time Synchronized.
[    6.840905] systemd[1]: Set up automount Arbitrary Executable File Formats File System Automount Point.
[[0;32m  OK  [0m] Set up automount Arbitrary Executab…rmats File System Automount Point.
[    6.844703] systemd[1]: Reached target User and Group Name Lookups.
[[0;32m  OK  [0m] Reached target User and Group Name Lookups.
[    6.847325] systemd[1]: Reached target Swap.
[[0;32m  OK  [0m] Reached target Swap.
[[0;32m  OK  [0m] Created slice System Slice.
[[0;32m  OK  [0m] Listening on udev Control Socket.
[[0;32m  OK  [0m] Listening on udev Kernel Socket.
[[0;32m  OK  [0m] Listening on fsck to fsckd communication Socket.
[[0;32m  OK  [0m] Listening on Journal Audit Socket.
[[0;32m  OK  [0m] Listening on Journal Socket (/dev/log).
[[0;32m  OK  [0m] Listening on /dev/initctl Compatibility Named Pipe.
[[0;32m  OK  [0m] Listening on Journal Socket.
         Starting File System Check on Root Device...
         Starting Uncomplicated firewall...
         Starting udev Coldplug all Devices...
         Starting Load Kernel Modules...
[[0;32m  OK  [0m] Listening on Device-mapper event daemon FIFOs.
[[0;32m  OK  [0m] Listening on Syslog Socket.
[    6.942397] Loading iSCSI transport class v2.0-870.
[    6.954326] iscsi: registered transport (tcp)
[[0;32m  OK  [0m] Started Forward Password Requests to Wall Directory Watch.
         Mounting Huge Pages File System...
[[0;32m  OK  [0m] Listening on Network Service Netlink Socket.
[[0;32m  OK  [0m] Listening on LVM2 poll daemon socket.
         Starting Journal Service...
[[0;32m  OK  [0m] Created slice User and Session Slice.
[[0;32m  OK  [0m] Reached target Slices.
         Starting Create list of required st…ce nodes for the current kernel...
[[0;32m  OK  [0m] Reached target Mounting snaps.
[[0;32m  OK  [0m] Reached target Mounted snaps.
         Mounting Kernel Debug File System...
[    7.007784] iscsi: registered transport (iser)
[[0;32m  OK  [0m] Created slice system-serial\x2dgetty.slice.
         Starting Set the console keyboard layout...
         Mounting POSIX Message Queue File System...
[[0;32m  OK  [0m] Listening on LVM2 metadata daemon socket.
         Starting Monitoring of LVM2 mirrors…ng dmeventd or progress polling...
[[0;32m  OK  [0m] Started File System Check on Root Device.
[[0;32m  OK  [0m] Started Uncomplicated firewall.
[[0;32m  OK  [0m] Started Load Kernel Modules.
[[0;32m  OK  [0m] Mounted Huge Pages File System.
[[0;32m  OK  [0m] Started Create list of required sta…vice nodes for the current kernel.
[[0;32m  OK  [0m] Mounted Kernel Debug File System.
[[0;32m  OK  [0m] Mounted POSIX Message Queue File System.
[[0;32m  OK  [0m] Started File System Check Daemon to report status.
         Starting Create Static Device Nodes in /dev...
         Starting Apply Kernel Variables...
         Mounting Kernel Configuration File System...
         Mounting FUSE Control File System...
         Starting Remount Root and Kernel File Systems...
[[0;32m  OK  [0m] Mounted Kernel Configuration File System.
[[0;32m  OK  [0m] Mounted FUSE Control File System.
[[0;32m  OK  [0m] Started Journal Service.
[[0;32m  OK  [0m] Started udev Coldplug all Devices.
[[0;32m  OK  [0m] Started Remount Root and Kernel File Systems.
         Starting Flush Journal to Persistent Storage...
         Starting Load/Save Random Seed...
[[0;32m  OK  [0m] Started Apply Kernel Variables.
[[0;32m  OK  [0m] Started Load/Save Random Seed.
[[0;32m  OK  [0m] Started LVM2 metadata daemon.
[[0;32m  OK  [0m] Started Create Static Device Nodes in /dev.
         Starting udev Kernel Device Manager...
[[0;32m  OK  [0m] Started Flush Journal to Persistent Storage.
[[0;32m  OK  [0m] Started Monitoring of LVM2 mirrors,…sing dmeventd or progress polling.
[[0;32m  OK  [0m] Started udev Kernel Device Manager.
[[0;32m  OK  [0m] Found device /dev/ttyS0.
[[0;32m  OK  [0m] Listening on Load/Save RF Kill Switch Status /dev/rfkill Watch.
[[0;32m  OK  [0m] Started Set the console keyboard layout.
         Mounting Arbitrary Executable File Formats File System...
[[0;32m  OK  [0m] Reached target Local File Systems (Pre).
[[0;32m  OK  [0m] Reached target Local File Systems.
         Starting AppArmor initialization...
         Starting Commit a transient machine-id on disk...
         Starting Set console font and keymap...
         Starting Tell Plymouth To Write Out Runtime Data...
         Starting Create Volatile Files and Directories...
         Starting ebtables ruleset management...
[[0;32m  OK  [0m] Started Dispatch Password Requests to Console Directory Watch.
[[0;32m  OK  [0m] Reached target Local Encrypted Volumes.
[[0;32m  OK  [0m] Mounted Arbitrary Executable File Formats File System.
[[0;32m  OK  [0m] Started Tell Plymouth To Write Out Runtime Data.
[[0;32m  OK  [0m] Started Create Volatile Files and Directories.
         Starting Update UTMP about System Boot/Shutdown...
[[0;32m  OK  [0m] Started ebtables ruleset management.
[[0;32m  OK  [0m] Started Update UTMP about System Boot/Shutdown.
[[0;32m  OK  [0m] Started Commit a transient machine-id on disk.
[[0;32m  OK  [0m] Started AppArmor initialization.
         Starting Load AppArmor profiles managed internally by snapd...
         Starting Initial cloud-init job (pre-networking)...
[[0;32m  OK  [0m] Started Load AppArmor profiles managed internally by snapd.
[[0;32m  OK  [0m] Started Set console font and keymap.
[    9.946938] cloud-init[759]: Cloud-init v. 23.1.2-0ubuntu0~18.04.1 running 'init-local' at Wed, 29 Apr 2026 16:49:01 +0000. Up 9.61 seconds.
[[0;32m  OK  [0m] Started Initial cloud-init job (pre-networking).
[[0;32m  OK  [0m] Reached target Network (Pre).
         Starting Network Service...
[[0;32m  OK  [0m] Started Network Service.
         Starting Wait for Network to be Configured...
         Starting Network Name Resolution...
[[0;32m  OK  [0m] Started Network Name Resolution.
[[0;32m  OK  [0m] Reached target Host and Network Name Lookups.
[[0;32m  OK  [0m] Reached target Network.
[[0;32m  OK  [0m] Started Wait for Network to be Configured.
         Starting Initial cloud-init job (metadata service crawler)...
[   13.135096] cloud-init[903]: Cloud-init v. 23.1.2-0ubuntu0~18.04.1 running 'init' at Wed, 29 Apr 2026 16:49:04 +0000. Up 12.82 seconds.
[   13.139518] cloud-init[903]: ci-info: ++++++++++++++++++++++++++++++++++++++++++++Net device info++++++++++++++++++++++++++++++++++++++++++++
[   13.141059] cloud-init[903]: ci-info: +--------+-------+---------------------------------------+---------------+--------+-------------------+
[   13.143560] cloud-init[903]: ci-info: | Device |   Up  |                Address                |      Mask     | Scope  |     Hw-Address    |
[   13.145162] cloud-init[903]: ci-info: +--------+-------+---------------------------------------+---------------+--------+-------------------+
[   13.146541] cloud-init[903]: ci-info: | enp0s3 |  True |               10.0.2.15               | 255.255.255.0 | global | 02:3b:7b:b7:3b:2d |
[   13.148230] cloud-init[903]: ci-info: | enp0s3 |  True | fd17:625c:f037:2:3b:7bff:feb7:3b2d/64 |       .       | global | 02:3b:7b:b7:3b:2d |
[   13.149697] cloud-init[903]: ci-info: | enp0s3 |  True |       fe80::3b:7bff:feb7:3b2d/64      |       .       |  link  | 02:3b:7b:b7:3b:2d |
[   13.151563] cloud-init[903]: ci-info: | enp0s8 | False |                   .                   |       .       |   .    | 08:00:27:13:1d:f7 |
[   13.152932] cloud-init[903]: ci-info: |   lo   |  True |               127.0.0.1               |   255.0.0.0   |  host  |         .         |
[   13.154814] cloud-init[903]: ci-info: |   lo   |  True |                ::1/128                |       .       |  host  |         .         |
[   13.156797] cloud-init[903]: ci-info: +--------+-------+---------------------------------------+---------------+--------+-------------------+
[   13.158319] cloud-init[903]: ci-info: ++++++++++++++++++++++++++++Route IPv4 info+++++++++++++++++++++++++++++
[   13.159521] cloud-init[903]: ci-info: +-------+-------------+----------+-----------------+-----------+-------+
[   13.160725] cloud-init[903]: ci-info: | Route | Destination | Gateway  |     Genmask     | Interface | Flags |
[   13.161977] cloud-init[903]: ci-info: +-------+-------------+----------+-----------------+-----------+-------+
[   13.163269] cloud-init[903]: ci-info: |   0   |   0.0.0.0   | 10.0.2.2 |     0.0.0.0     |   enp0s3  |   UG  |
[   13.164795] cloud-init[903]: ci-info: |   1   |   10.0.2.0  | 0.0.0.0  |  255.255.255.0  |   enp0s3  |   U   |
[   13.166088] cloud-init[903]: ci-info: |   2   |   10.0.2.2  | 0.0.0.0  | 255.255.255.255 |   enp0s3  |   UH  |
[   13.168403] cloud-init[903]: ci-info: +-------+-------------+----------+-----------------+-----------+-------+
[   13.180510] cloud-init[903]: ci-info: ++++++++++++++++++++++++Route IPv6 info++++++++++++++++++++++++
[   13.181694] cloud-init[903]: ci-info: +-------+-----------------------+---------+-----------+-------+
[   13.182742] cloud-init[903]: ci-info: | Route |      Destination      | Gateway | Interface | Flags |
[   13.184889] cloud-init[903]: ci-info: +-------+-----------------------+---------+-----------+-------+
[   13.186145] cloud-init[903]: ci-info: |   1   | fd17:625c:f037:2::/64 |    ::   |   enp0s3  |   U   |
[   13.187280] cloud-init[903]: ci-info: |   2   |       fe80::/64       |    ::   |   enp0s3  |   U   |
[   13.188558] cloud-init[903]: ci-info: |   3   |          ::/0         | fe80::2 |   enp0s3  |   UG  |
[   13.189856] cloud-init[903]: ci-info: |   5   |         local         |    ::   |   enp0s3  |   U   |
[   13.191057] cloud-init[903]: ci-info: |   6   |        ff00::/8       |    ::   |   enp0s3  |   U   |
[   13.192334] cloud-init[903]: ci-info: +-------+-----------------------+---------+-----------+-------+
[   14.324528] cloud-init[903]: Generating public/private rsa key pair.
[   14.325826] cloud-init[903]: Your identification has been saved in /etc/ssh/ssh_host_rsa_key.
[   14.327044] cloud-init[903]: Your public key has been saved in /etc/ssh/ssh_host_rsa_key.pub.
[   14.328437] cloud-init[903]: The key fingerprint is:
[   14.329363] cloud-init[903]: SHA256:g6nE7AE6evNEP1bp2+SFQcoCmpw89PPFhfY7ex1l3cM root@ubuntu-bionic
[   14.330765] cloud-init[903]: The key's randomart image is:
[   14.331832] cloud-init[903]: +---[RSA 2048]----+
[   14.332861] cloud-init[903]: |                 |
[   14.334708] cloud-init[903]: |         .       |
[   14.335758] cloud-init[903]: |  o .   o o   . o|
[   14.336774] cloud-init[903]: | = O . * *     E=|
[   14.337781] cloud-init[903]: |o B O + S o    o.|
[   14.338798] cloud-init[903]: |.. = * = . +  .  |
[   14.339670] cloud-init[903]: |. o + = . = .. . |
[   14.340742] cloud-init[903]: | . + . . = +. .  |
[   14.341668] cloud-init[903]: |    .   . +.     |
[   14.342564] cloud-init[903]: +----[SHA256]-----+
[   14.343466] cloud-init[903]: Generating public/private dsa key pair.
[   14.344585] cloud-init[903]: Your identification has been saved in /etc/ssh/ssh_host_dsa_key.
[   14.345832] cloud-init[903]: Your public key has been saved in /etc/ssh/ssh_host_dsa_key.pub.
[   14.347059] cloud-init[903]: The key fingerprint is:
[   14.347967] cloud-init[903]: SHA256:2XeP0k46ml1kKWL8hqvMi/OfU3ormjr/2L1kgkrfDyM root@ubuntu-bionic
[   14.349258] cloud-init[903]: The key's randomart image is:
[   14.350195] cloud-init[903]: +---[DSA 1024]----+
[   14.351807] cloud-init[903]: |                 |
[   14.352725] cloud-init[903]: |                 |
[   14.353616] cloud-init[903]: |                 |
[   14.354570] cloud-init[903]: |         +     . |
[   14.355405] cloud-init[903]: |        S = o =  |
[   14.356373] cloud-init[903]: |         o =.* o |
[   14.357188] cloud-init[903]: |      . E =o* = .|
[   14.358051] cloud-init[903]: |     .o* *+&o*   |
[   14.358905] cloud-init[903]: |      +*%*X*B+.  |
[   14.359778] cloud-init[903]: +----[SHA256]-----+
[   14.360733] cloud-init[903]: Generating public/private ecdsa key pair.
[   14.361794] cloud-init[903]: Your identification has been saved in /etc/ssh/ssh_host_ecdsa_key.
[   14.363041] cloud-init[903]: Your public key has been saved in /etc/ssh/ssh_host_ecdsa_key.pub.
[   14.364306] cloud-init[903]: The key fingerprint is:
[   14.365154] cloud-init[903]: SHA256:Vv2pXhz5PmV9ZcKByUKpWL+ufGOmo5XxySyfE9TIarM root@ubuntu-bionic
[   14.366431] cloud-init[903]: The key's randomart image is:
[   14.368030] cloud-init[903]: +---[ECDSA 256]---+
[   14.369034] cloud-init[903]: |         ..o o   |
[   14.370031] cloud-init[903]: |        . o.+ .  |
[   14.370888] cloud-init[903]: |       o +.+.. . |
[   14.371665] cloud-init[903]: |      . ..= ..ooo|
[   14.372575] cloud-init[903]: |        So .  =oo|
[   14.373430] cloud-init[903]: |       .+*o. o o=|
[   14.374401] cloud-init[903]: |       .++=.. o.+|
[   14.375352] cloud-init[903]: |       oEoBo . o |
[   14.376297] cloud-init[903]: |      ..+Boo.   o|
[   14.377234] cloud-init[903]: +----[SHA256]-----+
[   14.378042] cloud-init[903]: Generating public/private ed25519 key pair.
[   14.378972] cloud-init[903]: Your identification has been saved in /etc/ssh/ssh_host_ed25519_key.
[   14.380194] cloud-init[903]: Your public key has been saved in /etc/ssh/ssh_host_ed25519_key.pub.
[   14.381553] cloud-init[903]: The key fingerprint is:
[   14.382603] cloud-init[903]: SHA256:PefDHrq/04y/Q8BhJ0FjciUeEst0RK1WW3JFSFwSvmw root@ubuntu-bionic
[   14.384680] cloud-init[903]: The key's randomart image is:
[   14.385599] cloud-init[903]: +--[ED25519 256]--+
[   14.386517] cloud-init[903]: |          ==%*===|
[   14.387508] cloud-init[903]: |         o O+=B.o|
[   14.388540] cloud-init[903]: |          oo.*.= |
[   14.389227] cloud-init[903]: |         .  =... |
[   14.390255] cloud-init[903]: |        S o...E  |
[   14.391087] cloud-init[903]: |           = ..  |
[   14.401708] cloud-init[903]: |            ==   |
[   14.402843] cloud-init[903]: |           ooo+  |
[   14.404013] cloud-init[903]: |          oo++oo |
[   14.405407] cloud-init[903]: +----[SHA256]-----+
[[0;32m  OK  [0m] Started Initial cloud-init job (metadata service crawler).
[[0;32m  OK  [0m] Reached target Cloud-config availability.
[[0;32m  OK  [0m] Reached target System Initialization.
[[0;32m  OK  [0m] Listening on ACPID Listen Socket.
[[0;32m  OK  [0m] Started Daily apt download activities.
[[0;32m  OK  [0m] Started Daily apt upgrade and clean activities.
[[0;32m  OK  [0m] Listening on UUID daemon activation socket.
[[0;32m  OK  [0m] Started ACPI Events Check.
[[0;32m  OK  [0m] Listening on Open-iSCSI iscsid Socket.
[[0;32m  OK  [0m] Started Daily Cleanup of Temporary Directories.
[[0;32m  OK  [0m] Reached target Paths.
[[0;32m  OK  [0m] Listening on D-Bus System Message Bus Socket.
[[0;32m  OK  [0m] Listening on cloud-init hotplug hook socket.
[[0;32m  OK  [0m] Started Ubuntu Advantage Timer for running repeated jobs.
[[0;32m  OK  [0m] Started Message of the Day.
         Starting LXD - unix socket.
         Starting Socket activation for snappy daemon.
[[0;32m  OK  [0m] Started Discard unused blocks once a week.
[[0;32m  OK  [0m] Reached target Timers.
[[0;32m  OK  [0m] Reached target Network is Online.
         Starting Availability of block devices...
[[0;32m  OK  [0m] Reached target Remote File Systems (Pre).
[[0;32m  OK  [0m] Reached target Remote File Systems.
[[0;32m  OK  [0m] Listening on LXD - unix socket.
[[0;32m  OK  [0m] Listening on Socket activation for snappy daemon.
[[0;32m  OK  [0m] Reached target Sockets.
[[0;32m  OK  [0m] Reached target Basic System.
         Starting LSB: automatic crash report generation...
         Starting Virtualbox guest utils...
[[0;32m  OK  [0m] Started D-Bus System Message Bus.
         Starting System Logging Service...
         Starting LSB: Record successful boot for GRUB...
         Starting Login Service...
[[0;32m  OK  [0m] Started irqbalance daemon.
         Starting Accounts Service...
[[0;32m  OK  [0m] Reached target Login Prompts (Pre).
         Starting Snap Daemon...
[[0;32m  OK  [0m] Started Deferred execution scheduler.
         Starting Pollinate to seed the pseudo random number generator...
         Starting Permit User Sessions...
         Starting Dispatcher daemon for systemd-networkd...
[[0;32m  OK  [0m] Started Regular background program processing daemon.
[[0;32m  OK  [0m] Started FUSE filesystem for LXC.
         Starting LXD - container startup/shutdown...
[[0;32m  OK  [0m] Started System Logging Service.
[[0;32m  OK  [0m] Started Availability of block devices.
[[0;32m  OK  [0m] Started Permit User Sessions.
[[0;32m  OK  [0m] Started Login Service.
         Starting Authorization Manager...
[[0;32m  OK  [0m] Started Unattended Upgrades Shutdown.
         Starting Terminate Plymouth Boot Screen...
         Starting Hold until boot process finishes up...
[[0;32m  OK  [0m] Started Hold until boot process finishes up.
         Starting Set console scheme...
[[0;32m  OK  [0m] Started Serial Getty on ttyS0.
[[0;32m  OK  [0m] Started LSB: automatic crash report generation.
[[0;32m  OK  [0m] Started Terminate Plymouth Boot Screen.
[[0;32m  OK  [0m] Started Set console scheme.
[[0;32m  OK  [0m] Created slice system-getty.slice.
[[0;32m  OK  [0m] Started Getty on tty1.
[[0;32m  OK  [0m] Reached target Login Prompts.
[[0;32m  OK  [0m] Started LSB: Record successful boot for GRUB.
[[0;32m  OK  [0m] Started Authorization Manager.
[[0;32m  OK  [0m] Started Accounts Service.
[[0;32m  OK  [0m] Started LXD - container startup/shutdown.
[[0;32m  OK  [0m] Started Virtualbox guest utils.
[[0;32m  OK  [0m] Started Dispatcher daemon for systemd-networkd.
[[0;32m  OK  [0m] Started Snap Daemon.
         Starting Wait until snapd is fully seeded...
[[0;32m  OK  [0m] Started Pollinate to seed the pseudo random number generator.
         Starting OpenBSD Secure Shell server...
[[0;32m  OK  [0m] Started OpenBSD Secure Shell server.
[[0;32m  OK  [0m] Created slice User Slice of vagrant.
         Starting User Manager for UID 1000...
[[0;32m  OK  [0m] Started Session 1 of user vagrant.
[[0;32m  OK  [0m] Started User Manager for UID 1000.
         Starting Time & Date Service...
[[0;32m  OK  [0m] Started Time & Date Service.
[[0;32m  OK  [0m] Started Wait until snapd is fully seeded.
         Starting Apply the settings specified in cloud-config...
[   19.251562] cloud-init[1493]: Cloud-init v. 23.1.2-0ubuntu0~18.04.1 running 'modules:config' at Wed, 29 Apr 2026 16:49:10 +0000. Up 18.87 seconds.
[[0;32m  OK  [0m] Started Apply the settings specified in cloud-config.
[[0;32m  OK  [0m] Reached target Multi-User System.
[[0;32m  OK  [0m] Reached target Graphical Interface.
         Starting Update UTMP about System Runlevel Changes...
         Starting Execute cloud user/final scripts...
[[0;32m  OK  [0m] Started Update UTMP about System Runlevel Changes.
ci-info: no authorized SSH keys fingerprints found for user ubuntu.
<14>Apr 29 16:49:11 cloud-init: #############################################################
<14>Apr 29 16:49:11 cloud-init: -----BEGIN SSH HOST KEY FINGERPRINTS-----
<14>Apr 29 16:49:11 cloud-init: 1024 SHA256:2XeP0k46ml1kKWL8hqvMi/OfU3ormjr/2L1kgkrfDyM root@ubuntu-bionic (DSA)
<14>Apr 29 16:49:11 cloud-init: 256 SHA256:Vv2pXhz5PmV9ZcKByUKpWL+ufGOmo5XxySyfE9TIarM root@ubuntu-bionic (ECDSA)
<14>Apr 29 16:49:11 cloud-init: 256 SHA256:PefDHrq/04y/Q8BhJ0FjciUeEst0RK1WW3JFSFwSvmw root@ubuntu-bionic (ED25519)
<14>Apr 29 16:49:11 cloud-init: 2048 SHA256:g6nE7AE6evNEP1bp2+SFQcoCmpw89PPFhfY7ex1l3cM root@ubuntu-bionic (RSA)
<14>Apr 29 16:49:11 cloud-init: -----END SSH HOST KEY FINGERPRINTS-----
<14>Apr 29 16:49:11 cloud-init: #############################################################
-----BEGIN SSH HOST KEY KEYS-----
ecdsa-sha2-nistp256 AAAAE2VjZHNhLXNoYTItbmlzdHAyNTYAAAAIbmlzdHAyNTYAAABBBCC0F0r3E7peSqgGuOxNproKLG6Z7D1xQ7bZNZMpNBd8QiobvbKtvTIyq/r7+nRmuLFJbC63kyM1mOPqnQeUB9c= root@ubuntu-bionic
ssh-ed25519 AAAAC3NzaC1lZDI1NTE5AAAAIAxvq0OhDAOWiiYxIHV/UtKDVqQE0dY2jKy7SkKw96ha root@ubuntu-bionic
ssh-rsa AAAAB3NzaC1yc2EAAAADAQABAAABAQDxEjAqcTOJJd/QN2fswcbytVUsGwB6oUClBRZ1uLTGLhF5EXbWzliyU2Bvrszn7hK5BG/Rreu3CK/rEEiCA7dSKiI8QZpv4EDHk8f80ialQ2+utRcRpiIlslr6v+HO5F590PTAIcBWBBafyJeOj4WLNMOVkgtqKQQ+ZedeeEHan1sYwI1TRGtNVzbhmJIYo+BUiogojUkj/No5nqX7O1/nUXrM2rCCKSNtd+H01bi+vb+va9TvNke7omAF8FMImWPtOFKhCyZrxO9ChCE01TqEiSOGsxl8xptFVnw6i4lSpCEpyIx23TfWKbVFJ+79/QFXebV8su6yuVutEKdGNgn9 root@ubuntu-bionic
-----END SSH HOST KEY KEYS-----
[   19.915832] cloud-init[1597]: Cloud-init v. 23.1.2-0ubuntu0~18.04.1 running 'modules:final' at Wed, 29 Apr 2026 16:49:11 +0000. Up 19.74 seconds.
[   19.916736] cloud-init[1597]: Cloud-init v. 23.1.2-0ubuntu0~18.04.1 finished at Wed, 29 Apr 2026 16:49:11 +0000. Datasource DataSourceNoCloud [seed=/dev/sdb][dsmode=net].  Up 19.90 seconds
[[0;32m  OK  [0m] Started Execute cloud user/final scripts.
[[0;32m  OK  [0m] Reached target Cloud-init target.

Ubuntu 18.04.6 LTS ubuntu-bionic ttyS0

ubuntu-bionic login: 